Using pre-set license
Built from '2020.3/release' branch; Version is '2020.3.2f1 (8fd9074bf66c) revision 9427207'; Using compiler version '192528614'; Build Type 'Release'
OS: 'Windows 10 Home; OS build 19041.1083; Version 2004; 64bit' Language: 'en' Physical Memory: 16334 MB
BatchMode: 1, IsHumanControllingUs: 0, StartBugReporterOnCrash: 0, Is64bit: 1, IsPro: 0

 COMMAND LINE ARGUMENTS:
C:\Program Files\Unity\Hub\Editor\2020.3.2f1\Editor\Unity.exe
-adb2
-batchMode
-noUpm
-name
AssetImportWorker0
-projectPath
D:/Desktop/Major Project
-logFile
Logs/AssetImportWorker0.log
-srvPort
58114
Successfully changed project path to: D:/Desktop/Major Project
D:/Desktop/Major Project
Using Asset Import Pipeline V2.
Refreshing native plugins compatible for Editor in 19.15 ms, found 0 plugins.
Preloading 0 native plugins for Editor in 0.00 ms.
Initialize engine version: 2020.3.2f1 (8fd9074bf66c)
[Subsystems] Discovering subsystems at path C:/Program Files/Unity/Hub/Editor/2020.3.2f1/Editor/Data/Resources/UnitySubsystems
[Subsystems] Discovering subsystems at path D:/Desktop/Major Project/Assets
GfxDevice: creating device client; threaded=0
Direct3D:
    Version:  Direct3D 11.0 [level 11.1]
    Renderer: AMD Radeon RX 5700 XT (ID=0x731f)
    Vendor:   
    VRAM:     8148 MB
    Driver:   27.20.1034.6
Initialize mono
Mono path[0] = 'C:/Program Files/Unity/Hub/Editor/2020.3.2f1/Editor/Data/Managed'
Mono path[1] = 'C:/Program Files/Unity/Hub/Editor/2020.3.2f1/Editor/Data/MonoBleedingEdge/lib/mono/unityjit'
Mono config path = 'C:/Program Files/Unity/Hub/Editor/2020.3.2f1/Editor/Data/MonoBleedingEdge/etc'
Using monoOptions --debugger-agent=transport=dt_socket,embedding=1,server=y,suspend=n,address=127.0.0.1:56876
Begin MonoManager ReloadAssembly
Registering precompiled unity dll's ...
Register platform support module: C:/Program Files/Unity/Hub/Editor/2020.3.2f1/Editor/Data/PlaybackEngines/WindowsStandaloneSupport/UnityEditor.WindowsStandalone.Extensions.dll
Registered in 0.001605 seconds.
Native extension for WindowsStandalone target not found
Refreshing native plugins compatible for Editor in 19.93 ms, found 0 plugins.
Preloading 0 native plugins for Editor in 0.00 ms.
Invoked RoslynAnalysisRunner static constructor.
RoslynAnalysisRunner will not be running.
RoslynAnalysisRunner has terminated.
Mono: successfully reloaded assembly
- Completed reload, in  2.496 seconds
Platform modules already initialized, skipping
Registering precompiled user dll's ...
Registered in 0.000354 seconds.
Begin MonoManager ReloadAssembly
Native extension for WindowsStandalone target not found
Refreshing native plugins compatible for Editor in 0.18 ms, found 0 plugins.
Preloading 0 native plugins for Editor in 0.00 ms.
Invoked RoslynAnalysisRunner static constructor.
RoslynAnalysisRunner will not be running.
RoslynAnalysisRunner has terminated.
Mono: successfully reloaded assembly
- Completed reload, in  0.640 seconds
Platform modules already initialized, skipping
========================================================================
Worker process is ready to serve import requests
Launched and connected shader compiler UnityShaderCompiler.exe after 0.06 seconds
Refreshing native plugins compatible for Editor in 0.19 ms, found 0 plugins.
Preloading 0 native plugins for Editor in 0.00 ms.
Unloading 1120 Unused Serialized files (Serialized files now loaded: 0)
System memory in use before: 57.3 MB.
System memory in use after: 57.3 MB.

Unloading 10 unused Assets to reduce memory usage. Loaded Objects now: 1562.
Total: 1.714500 ms (FindLiveObjects: 0.138300 ms CreateObjectMapping: 0.026900 ms MarkObjects: 1.471200 ms  DeleteObjects: 0.077000 ms)

========================================================================
Received Import Request.
  path: Assets/Scripts/VoxelData.cs
  artifactKey: Guid(b056f0fd6f1246e4786ec74a892f44e8) Importer(815301076,1909f56bfc062723c751e8b465ee728b)
Start importing Assets/Scripts/VoxelData.cs using Guid(b056f0fd6f1246e4786ec74a892f44e8) Importer(815301076,1909f56bfc062723c751e8b465ee728b)  -> (artifact id: '3f7d005b5d7d2f71ea841c656fd37d50') in 0.053800 seconds
  Import took 0.068383 seconds .

========================================================================
Received Prepare
Registering precompiled user dll's ...
Registered in 0.000368 seconds.
Begin MonoManager ReloadAssembly
Native extension for WindowsStandalone target not found
Refreshing native plugins compatible for Editor in 0.19 ms, found 0 plugins.
Preloading 0 native plugins for Editor in 0.00 ms.
Invoked RoslynAnalysisRunner static constructor.
RoslynAnalysisRunner will not be running.
RoslynAnalysisRunner has terminated.
Mono: successfully reloaded assembly
- Completed reload, in  0.613 seconds
Platform modules already initialized, skipping
Refreshing native plugins compatible for Editor in 0.15 ms, found 0 plugins.
Preloading 0 native plugins for Editor in 0.00 ms.
Unloading 1115 Unused Serialized files (Serialized files now loaded: 0)
System memory in use before: 57.2 MB.
System memory in use after: 57.3 MB.

Unloading 5 unused Assets to reduce memory usage. Loaded Objects now: 1565.
Total: 1.543700 ms (FindLiveObjects: 0.100100 ms CreateObjectMapping: 0.031500 ms MarkObjects: 1.365000 ms  DeleteObjects: 0.046100 ms)

========================================================================
Received Prepare
Registering precompiled user dll's ...
Registered in 0.000363 seconds.
Begin MonoManager ReloadAssembly
Native extension for WindowsStandalone target not found
Refreshing native plugins compatible for Editor in 0.19 ms, found 0 plugins.
Preloading 0 native plugins for Editor in 0.00 ms.
Invoked RoslynAnalysisRunner static constructor.
RoslynAnalysisRunner will not be running.
RoslynAnalysisRunner has terminated.
Mono: successfully reloaded assembly
- Completed reload, in  0.624 seconds
Platform modules already initialized, skipping
Refreshing native plugins compatible for Editor in 0.13 ms, found 0 plugins.
Preloading 0 native plugins for Editor in 0.00 ms.
Unloading 1115 Unused Serialized files (Serialized files now loaded: 0)
System memory in use before: 57.2 MB.
System memory in use after: 57.3 MB.

Unloading 5 unused Assets to reduce memory usage. Loaded Objects now: 1568.
Total: 1.511500 ms (FindLiveObjects: 0.113400 ms CreateObjectMapping: 0.027200 ms MarkObjects: 1.324200 ms  DeleteObjects: 0.045600 ms)

========================================================================
Received Prepare
Registering precompiled user dll's ...
Registered in 0.000495 seconds.
Begin MonoManager ReloadAssembly
Native extension for WindowsStandalone target not found
Refreshing native plugins compatible for Editor in 0.20 ms, found 0 plugins.
Preloading 0 native plugins for Editor in 0.00 ms.
Invoked RoslynAnalysisRunner static constructor.
RoslynAnalysisRunner will not be running.
RoslynAnalysisRunner has terminated.
Mono: successfully reloaded assembly
- Completed reload, in  0.631 seconds
Platform modules already initialized, skipping
Refreshing native plugins compatible for Editor in 0.20 ms, found 0 plugins.
Preloading 0 native plugins for Editor in 0.00 ms.
Unloading 1115 Unused Serialized files (Serialized files now loaded: 0)
System memory in use before: 57.3 MB.
System memory in use after: 57.3 MB.

Unloading 5 unused Assets to reduce memory usage. Loaded Objects now: 1571.
Total: 1.577000 ms (FindLiveObjects: 0.149200 ms CreateObjectMapping: 0.025000 ms MarkObjects: 1.364200 ms  DeleteObjects: 0.037700 ms)

========================================================================
Received Prepare
Registering precompiled user dll's ...
Registered in 0.000407 seconds.
Begin MonoManager ReloadAssembly
Native extension for WindowsStandalone target not found
Refreshing native plugins compatible for Editor in 0.18 ms, found 0 plugins.
Preloading 0 native plugins for Editor in 0.00 ms.
Invoked RoslynAnalysisRunner static constructor.
RoslynAnalysisRunner will not be running.
RoslynAnalysisRunner has terminated.
Mono: successfully reloaded assembly
- Completed reload, in  0.617 seconds
Platform modules already initialized, skipping
Refreshing native plugins compatible for Editor in 0.18 ms, found 0 plugins.
Preloading 0 native plugins for Editor in 0.00 ms.
Unloading 1115 Unused Serialized files (Serialized files now loaded: 0)
System memory in use before: 57.3 MB.
System memory in use after: 57.3 MB.

Unloading 5 unused Assets to reduce memory usage. Loaded Objects now: 1574.
Total: 1.636100 ms (FindLiveObjects: 0.143900 ms CreateObjectMapping: 0.024100 ms MarkObjects: 1.411200 ms  DeleteObjects: 0.055700 ms)

========================================================================
Received Import Request.
  Time since last request: 6197.279107 seconds.
  path: Assets/Scripts/VoxelData.cs
  artifactKey: Guid(b056f0fd6f1246e4786ec74a892f44e8) Importer(815301076,1909f56bfc062723c751e8b465ee728b)
Start importing Assets/Scripts/VoxelData.cs using Guid(b056f0fd6f1246e4786ec74a892f44e8) Importer(815301076,1909f56bfc062723c751e8b465ee728b)  -> (artifact id: '68cb7af38240038a3c3843687b4d8699') in 0.002589 seconds
  Import took 0.004415 seconds .

========================================================================
Received Import Request.
  Time since last request: 1606.078549 seconds.
  path: Assets/Scripts/VoxelData.cs
  artifactKey: Guid(b056f0fd6f1246e4786ec74a892f44e8) Importer(815301076,1909f56bfc062723c751e8b465ee728b)
Start importing Assets/Scripts/VoxelData.cs using Guid(b056f0fd6f1246e4786ec74a892f44e8) Importer(815301076,1909f56bfc062723c751e8b465ee728b)  -> (artifact id: '3c699ad7bb9c6d3753dc01c945799a66') in 0.001849 seconds
  Import took 0.004004 seconds .

========================================================================
Received Prepare
Registering precompiled user dll's ...
Registered in 0.000384 seconds.
Begin MonoManager ReloadAssembly
Native extension for WindowsStandalone target not found
Refreshing native plugins compatible for Editor in 0.18 ms, found 0 plugins.
Preloading 0 native plugins for Editor in 0.00 ms.
Invoked RoslynAnalysisRunner static constructor.
RoslynAnalysisRunner will not be running.
RoslynAnalysisRunner has terminated.
Mono: successfully reloaded assembly
- Completed reload, in  0.608 seconds
Platform modules already initialized, skipping
Refreshing native plugins compatible for Editor in 0.15 ms, found 0 plugins.
Preloading 0 native plugins for Editor in 0.00 ms.
Unloading 1115 Unused Serialized files (Serialized files now loaded: 0)
System memory in use before: 57.3 MB.
System memory in use after: 57.3 MB.

Unloading 5 unused Assets to reduce memory usage. Loaded Objects now: 1577.
Total: 1.471400 ms (FindLiveObjects: 0.123400 ms CreateObjectMapping: 0.024900 ms MarkObjects: 1.271400 ms  DeleteObjects: 0.050700 ms)

========================================================================
Received Prepare
Registering precompiled user dll's ...
Registered in 0.000356 seconds.
Begin MonoManager ReloadAssembly
Native extension for WindowsStandalone target not found
Refreshing native plugins compatible for Editor in 0.22 ms, found 0 plugins.
Preloading 0 native plugins for Editor in 0.00 ms.
Invoked RoslynAnalysisRunner static constructor.
RoslynAnalysisRunner will not be running.
RoslynAnalysisRunner has terminated.
Mono: successfully reloaded assembly
- Completed reload, in  0.624 seconds
Platform modules already initialized, skipping
Refreshing native plugins compatible for Editor in 0.17 ms, found 0 plugins.
Preloading 0 native plugins for Editor in 0.00 ms.
Unloading 1115 Unused Serialized files (Serialized files now loaded: 0)
System memory in use before: 57.3 MB.
System memory in use after: 57.4 MB.

Unloading 5 unused Assets to reduce memory usage. Loaded Objects now: 1580.
Total: 1.412700 ms (FindLiveObjects: 0.117800 ms CreateObjectMapping: 0.023300 ms MarkObjects: 1.227300 ms  DeleteObjects: 0.043600 ms)

========================================================================
Received Prepare
Registering precompiled user dll's ...
Registered in 0.000380 seconds.
Begin MonoManager ReloadAssembly
Native extension for WindowsStandalone target not found
Refreshing native plugins compatible for Editor in 0.18 ms, found 0 plugins.
Preloading 0 native plugins for Editor in 0.00 ms.
Invoked RoslynAnalysisRunner static constructor.
RoslynAnalysisRunner will not be running.
RoslynAnalysisRunner has terminated.
Mono: successfully reloaded assembly
- Completed reload, in  0.606 seconds
Platform modules already initialized, skipping
Refreshing native plugins compatible for Editor in 0.15 ms, found 0 plugins.
Preloading 0 native plugins for Editor in 0.00 ms.
Unloading 1115 Unused Serialized files (Serialized files now loaded: 0)
System memory in use before: 57.3 MB.
System memory in use after: 57.4 MB.

Unloading 5 unused Assets to reduce memory usage. Loaded Objects now: 1583.
Total: 1.375000 ms (FindLiveObjects: 0.131700 ms CreateObjectMapping: 0.026500 ms MarkObjects: 1.176600 ms  DeleteObjects: 0.039200 ms)

========================================================================
Received Prepare
Registering precompiled user dll's ...
Registered in 0.000526 seconds.
Begin MonoManager ReloadAssembly
Native extension for WindowsStandalone target not found
Refreshing native plugins compatible for Editor in 0.18 ms, found 0 plugins.
Preloading 0 native plugins for Editor in 0.00 ms.
Invoked RoslynAnalysisRunner static constructor.
RoslynAnalysisRunner will not be running.
RoslynAnalysisRunner has terminated.
Mono: successfully reloaded assembly
- Completed reload, in  0.610 seconds
Platform modules already initialized, skipping
Refreshing native plugins compatible for Editor in 0.17 ms, found 0 plugins.
Preloading 0 native plugins for Editor in 0.00 ms.
Unloading 1115 Unused Serialized files (Serialized files now loaded: 0)
System memory in use before: 57.3 MB.
System memory in use after: 57.4 MB.

Unloading 5 unused Assets to reduce memory usage. Loaded Objects now: 1586.
Total: 1.493900 ms (FindLiveObjects: 0.119300 ms CreateObjectMapping: 0.024600 ms MarkObjects: 1.306300 ms  DeleteObjects: 0.042800 ms)

========================================================================
Received Prepare
Registering precompiled user dll's ...
Registered in 0.000366 seconds.
Begin MonoManager ReloadAssembly
Native extension for WindowsStandalone target not found
Refreshing native plugins compatible for Editor in 0.22 ms, found 0 plugins.
Preloading 0 native plugins for Editor in 0.00 ms.
Invoked RoslynAnalysisRunner static constructor.
RoslynAnalysisRunner will not be running.
RoslynAnalysisRunner has terminated.
Mono: successfully reloaded assembly
- Completed reload, in  0.632 seconds
Platform modules already initialized, skipping
Refreshing native plugins compatible for Editor in 0.13 ms, found 0 plugins.
Preloading 0 native plugins for Editor in 0.00 ms.
Unloading 1115 Unused Serialized files (Serialized files now loaded: 0)
System memory in use before: 57.3 MB.
System memory in use after: 57.4 MB.

Unloading 5 unused Assets to reduce memory usage. Loaded Objects now: 1589.
Total: 1.410200 ms (FindLiveObjects: 0.123500 ms CreateObjectMapping: 0.024100 ms MarkObjects: 1.227900 ms  DeleteObjects: 0.033900 ms)

========================================================================
Received Prepare
Registering precompiled user dll's ...
Registered in 0.000442 seconds.
Begin MonoManager ReloadAssembly
Native extension for WindowsStandalone target not found
Refreshing native plugins compatible for Editor in 0.19 ms, found 0 plugins.
Preloading 0 native plugins for Editor in 0.00 ms.
Invoked RoslynAnalysisRunner static constructor.
RoslynAnalysisRunner will not be running.
RoslynAnalysisRunner has terminated.
Mono: successfully reloaded assembly
- Completed reload, in  0.672 seconds
Platform modules already initialized, skipping
Refreshing native plugins compatible for Editor in 0.18 ms, found 0 plugins.
Preloading 0 native plugins for Editor in 0.00 ms.
Unloading 1115 Unused Serialized files (Serialized files now loaded: 0)
System memory in use before: 57.3 MB.
System memory in use after: 57.4 MB.

Unloading 5 unused Assets to reduce memory usage. Loaded Objects now: 1592.
Total: 1.601300 ms (FindLiveObjects: 0.132800 ms CreateObjectMapping: 0.028700 ms MarkObjects: 1.386000 ms  DeleteObjects: 0.053000 ms)

========================================================================
Received Prepare
Registering precompiled user dll's ...
Registered in 0.000415 seconds.
Begin MonoManager ReloadAssembly
Native extension for WindowsStandalone target not found
Refreshing native plugins compatible for Editor in 0.19 ms, found 0 plugins.
Preloading 0 native plugins for Editor in 0.00 ms.
Invoked RoslynAnalysisRunner static constructor.
RoslynAnalysisRunner will not be running.
RoslynAnalysisRunner has terminated.
Mono: successfully reloaded assembly
- Completed reload, in  0.619 seconds
Platform modules already initialized, skipping
Refreshing native plugins compatible for Editor in 0.19 ms, found 0 plugins.
Preloading 0 native plugins for Editor in 0.00 ms.
Unloading 1115 Unused Serialized files (Serialized files now loaded: 0)
System memory in use before: 57.3 MB.
System memory in use after: 57.4 MB.

Unloading 5 unused Assets to reduce memory usage. Loaded Objects now: 1595.
Total: 1.628300 ms (FindLiveObjects: 0.121000 ms CreateObjectMapping: 0.023600 ms MarkObjects: 1.440800 ms  DeleteObjects: 0.041800 ms)

========================================================================
Received Prepare
Registering precompiled user dll's ...
Registered in 0.000400 seconds.
Begin MonoManager ReloadAssembly
Native extension for WindowsStandalone target not found
Refreshing native plugins compatible for Editor in 0.27 ms, found 0 plugins.
Preloading 0 native plugins for Editor in 0.00 ms.
Invoked RoslynAnalysisRunner static constructor.
RoslynAnalysisRunner will not be running.
RoslynAnalysisRunner has terminated.
Mono: successfully reloaded assembly
- Completed reload, in  0.600 seconds
Platform modules already initialized, skipping
Refreshing native plugins compatible for Editor in 0.19 ms, found 0 plugins.
Preloading 0 native plugins for Editor in 0.00 ms.
Unloading 1115 Unused Serialized files (Serialized files now loaded: 0)
System memory in use before: 57.3 MB.
System memory in use after: 57.4 MB.

Unloading 5 unused Assets to reduce memory usage. Loaded Objects now: 1598.
Total: 1.681100 ms (FindLiveObjects: 0.217200 ms CreateObjectMapping: 0.042200 ms MarkObjects: 1.381300 ms  DeleteObjects: 0.039500 ms)

========================================================================
Received Prepare
Registering precompiled user dll's ...
Registered in 0.000351 seconds.
Begin MonoManager ReloadAssembly
Native extension for WindowsStandalone target not found
Refreshing native plugins compatible for Editor in 0.18 ms, found 0 plugins.
Preloading 0 native plugins for Editor in 0.00 ms.
Invoked RoslynAnalysisRunner static constructor.
RoslynAnalysisRunner will not be running.
RoslynAnalysisRunner has terminated.
Mono: successfully reloaded assembly
- Completed reload, in  0.588 seconds
Platform modules already initialized, skipping
Refreshing native plugins compatible for Editor in 0.14 ms, found 0 plugins.
Preloading 0 native plugins for Editor in 0.00 ms.
Unloading 1115 Unused Serialized files (Serialized files now loaded: 0)
System memory in use before: 57.3 MB.
System memory in use after: 57.4 MB.

Unloading 5 unused Assets to reduce memory usage. Loaded Objects now: 1601.
Total: 1.414900 ms (FindLiveObjects: 0.170500 ms CreateObjectMapping: 0.032000 ms MarkObjects: 1.183400 ms  DeleteObjects: 0.028200 ms)

========================================================================
Received Prepare
Registering precompiled user dll's ...
Registered in 0.000365 seconds.
Begin MonoManager ReloadAssembly
Native extension for WindowsStandalone target not found
Refreshing native plugins compatible for Editor in 0.19 ms, found 0 plugins.
Preloading 0 native plugins for Editor in 0.00 ms.
Invoked RoslynAnalysisRunner static constructor.
RoslynAnalysisRunner will not be running.
RoslynAnalysisRunner has terminated.
Mono: successfully reloaded assembly
- Completed reload, in  0.661 seconds
Platform modules already initialized, skipping
Refreshing native plugins compatible for Editor in 0.22 ms, found 0 plugins.
Preloading 0 native plugins for Editor in 0.00 ms.
Unloading 1115 Unused Serialized files (Serialized files now loaded: 0)
System memory in use before: 57.4 MB.
System memory in use after: 57.4 MB.

Unloading 5 unused Assets to reduce memory usage. Loaded Objects now: 1604.
Total: 1.598600 ms (FindLiveObjects: 0.204900 ms CreateObjectMapping: 0.027400 ms MarkObjects: 1.319300 ms  DeleteObjects: 0.045800 ms)

========================================================================
Received Prepare
Registering precompiled user dll's ...
Registered in 0.000350 seconds.
Begin MonoManager ReloadAssembly
Native extension for WindowsStandalone target not found
Refreshing native plugins compatible for Editor in 0.18 ms, found 0 plugins.
Preloading 0 native plugins for Editor in 0.00 ms.
Invoked RoslynAnalysisRunner static constructor.
RoslynAnalysisRunner will not be running.
RoslynAnalysisRunner has terminated.
Mono: successfully reloaded assembly
- Completed reload, in  0.582 seconds
Platform modules already initialized, skipping
Refreshing native plugins compatible for Editor in 0.15 ms, found 0 plugins.
Preloading 0 native plugins for Editor in 0.00 ms.
Unloading 1115 Unused Serialized files (Serialized files now loaded: 0)
System memory in use before: 57.4 MB.
System memory in use after: 57.4 MB.

Unloading 5 unused Assets to reduce memory usage. Loaded Objects now: 1607.
Total: 1.475300 ms (FindLiveObjects: 0.153200 ms CreateObjectMapping: 0.028900 ms MarkObjects: 1.247400 ms  DeleteObjects: 0.044800 ms)

========================================================================
Received Prepare
Registering precompiled user dll's ...
Registered in 0.000352 seconds.
Begin MonoManager ReloadAssembly
Native extension for WindowsStandalone target not found
Refreshing native plugins compatible for Editor in 0.21 ms, found 0 plugins.
Preloading 0 native plugins for Editor in 0.00 ms.
Invoked RoslynAnalysisRunner static constructor.
RoslynAnalysisRunner will not be running.
RoslynAnalysisRunner has terminated.
Mono: successfully reloaded assembly
- Completed reload, in  0.624 seconds
Platform modules already initialized, skipping
Refreshing native plugins compatible for Editor in 0.19 ms, found 0 plugins.
Preloading 0 native plugins for Editor in 0.00 ms.
Unloading 1115 Unused Serialized files (Serialized files now loaded: 0)
System memory in use before: 57.4 MB.
System memory in use after: 57.5 MB.

Unloading 5 unused Assets to reduce memory usage. Loaded Objects now: 1610.
Total: 1.521700 ms (FindLiveObjects: 0.156700 ms CreateObjectMapping: 0.025000 ms MarkObjects: 1.294300 ms  DeleteObjects: 0.044700 ms)

========================================================================
Received Prepare
Registering precompiled user dll's ...
Registered in 0.000387 seconds.
Begin MonoManager ReloadAssembly
Native extension for WindowsStandalone target not found
Refreshing native plugins compatible for Editor in 0.19 ms, found 0 plugins.
Preloading 0 native plugins for Editor in 0.00 ms.
Invoked RoslynAnalysisRunner static constructor.
RoslynAnalysisRunner will not be running.
RoslynAnalysisRunner has terminated.
Mono: successfully reloaded assembly
- Completed reload, in  0.608 seconds
Platform modules already initialized, skipping
Refreshing native plugins compatible for Editor in 0.15 ms, found 0 plugins.
Preloading 0 native plugins for Editor in 0.00 ms.
Unloading 1115 Unused Serialized files (Serialized files now loaded: 0)
System memory in use before: 57.4 MB.
System memory in use after: 57.5 MB.

Unloading 5 unused Assets to reduce memory usage. Loaded Objects now: 1613.
Total: 1.538400 ms (FindLiveObjects: 0.128700 ms CreateObjectMapping: 0.024400 ms MarkObjects: 1.336300 ms  DeleteObjects: 0.048000 ms)

========================================================================
Received Prepare
Registering precompiled user dll's ...
Registered in 0.000683 seconds.
Begin MonoManager ReloadAssembly
Native extension for WindowsStandalone target not found
Refreshing native plugins compatible for Editor in 0.20 ms, found 0 plugins.
Preloading 0 native plugins for Editor in 0.00 ms.
Invoked RoslynAnalysisRunner static constructor.
RoslynAnalysisRunner will not be running.
RoslynAnalysisRunner has terminated.
Mono: successfully reloaded assembly
- Completed reload, in  0.685 seconds
Platform modules already initialized, skipping
Refreshing native plugins compatible for Editor in 0.19 ms, found 0 plugins.
Preloading 0 native plugins for Editor in 0.00 ms.
Unloading 1115 Unused Serialized files (Serialized files now loaded: 0)
System memory in use before: 57.4 MB.
System memory in use after: 57.5 MB.

Unloading 5 unused Assets to reduce memory usage. Loaded Objects now: 1616.
Total: 1.702100 ms (FindLiveObjects: 0.141000 ms CreateObjectMapping: 0.029900 ms MarkObjects: 1.448700 ms  DeleteObjects: 0.081500 ms)

========================================================================
Received Prepare
Registering precompiled user dll's ...
Registered in 0.000422 seconds.
Begin MonoManager ReloadAssembly
Native extension for WindowsStandalone target not found
Refreshing native plugins compatible for Editor in 0.19 ms, found 0 plugins.
Preloading 0 native plugins for Editor in 0.00 ms.
Invoked RoslynAnalysisRunner static constructor.
RoslynAnalysisRunner will not be running.
RoslynAnalysisRunner has terminated.
Mono: successfully reloaded assembly
- Completed reload, in  0.579 seconds
Platform modules already initialized, skipping
Refreshing native plugins compatible for Editor in 0.13 ms, found 0 plugins.
Preloading 0 native plugins for Editor in 0.00 ms.
Unloading 1115 Unused Serialized files (Serialized files now loaded: 0)
System memory in use before: 57.4 MB.
System memory in use after: 57.5 MB.

Unloading 5 unused Assets to reduce memory usage. Loaded Objects now: 1619.
Total: 1.605100 ms (FindLiveObjects: 0.150500 ms CreateObjectMapping: 0.029200 ms MarkObjects: 1.386100 ms  DeleteObjects: 0.038100 ms)

========================================================================
Received Prepare
Registering precompiled user dll's ...
Registered in 0.000419 seconds.
Begin MonoManager ReloadAssembly
Native extension for WindowsStandalone target not found
Refreshing native plugins compatible for Editor in 0.19 ms, found 0 plugins.
Preloading 0 native plugins for Editor in 0.00 ms.
Invoked RoslynAnalysisRunner static constructor.
RoslynAnalysisRunner will not be running.
RoslynAnalysisRunner has terminated.
Mono: successfully reloaded assembly
- Completed reload, in  0.631 seconds
Platform modules already initialized, skipping
Refreshing native plugins compatible for Editor in 0.16 ms, found 0 plugins.
Preloading 0 native plugins for Editor in 0.00 ms.
Unloading 1115 Unused Serialized files (Serialized files now loaded: 0)
System memory in use before: 57.4 MB.
System memory in use after: 57.5 MB.

Unloading 5 unused Assets to reduce memory usage. Loaded Objects now: 1622.
Total: 1.526800 ms (FindLiveObjects: 0.177200 ms CreateObjectMapping: 0.033700 ms MarkObjects: 1.264500 ms  DeleteObjects: 0.050500 ms)

========================================================================
Received Prepare
Registering precompiled user dll's ...
Registered in 0.000361 seconds.
Begin MonoManager ReloadAssembly
Native extension for WindowsStandalone target not found
Refreshing native plugins compatible for Editor in 0.18 ms, found 0 plugins.
Preloading 0 native plugins for Editor in 0.00 ms.
Invoked RoslynAnalysisRunner static constructor.
RoslynAnalysisRunner will not be running.
RoslynAnalysisRunner has terminated.
Mono: successfully reloaded assembly
- Completed reload, in  0.623 seconds
Platform modules already initialized, skipping
Refreshing native plugins compatible for Editor in 0.21 ms, found 0 plugins.
Preloading 0 native plugins for Editor in 0.00 ms.
Unloading 1115 Unused Serialized files (Serialized files now loaded: 0)
System memory in use before: 57.4 MB.
System memory in use after: 57.5 MB.

Unloading 5 unused Assets to reduce memory usage. Loaded Objects now: 1625.
Total: 1.404400 ms (FindLiveObjects: 0.126900 ms CreateObjectMapping: 0.025400 ms MarkObjects: 1.210500 ms  DeleteObjects: 0.040700 ms)

========================================================================
Received Prepare
Registering precompiled user dll's ...
Registered in 0.000366 seconds.
Begin MonoManager ReloadAssembly
Native extension for WindowsStandalone target not found
Refreshing native plugins compatible for Editor in 0.18 ms, found 0 plugins.
Preloading 0 native plugins for Editor in 0.00 ms.
Invoked RoslynAnalysisRunner static constructor.
RoslynAnalysisRunner will not be running.
RoslynAnalysisRunner has terminated.
Mono: successfully reloaded assembly
- Completed reload, in  0.611 seconds
Platform modules already initialized, skipping
Refreshing native plugins compatible for Editor in 0.13 ms, found 0 plugins.
Preloading 0 native plugins for Editor in 0.00 ms.
Unloading 1115 Unused Serialized files (Serialized files now loaded: 0)
System memory in use before: 57.4 MB.
System memory in use after: 57.5 MB.

Unloading 5 unused Assets to reduce memory usage. Loaded Objects now: 1628.
Total: 1.395600 ms (FindLiveObjects: 0.160600 ms CreateObjectMapping: 0.024600 ms MarkObjects: 1.168900 ms  DeleteObjects: 0.040500 ms)

========================================================================
Received Prepare
Registering precompiled user dll's ...
Registered in 0.000349 seconds.
Begin MonoManager ReloadAssembly
Native extension for WindowsStandalone target not found
Refreshing native plugins compatible for Editor in 0.25 ms, found 0 plugins.
Preloading 0 native plugins for Editor in 0.00 ms.
Invoked RoslynAnalysisRunner static constructor.
RoslynAnalysisRunner will not be running.
RoslynAnalysisRunner has terminated.
Mono: successfully reloaded assembly
- Completed reload, in  0.601 seconds
Platform modules already initialized, skipping
Refreshing native plugins compatible for Editor in 0.13 ms, found 0 plugins.
Preloading 0 native plugins for Editor in 0.00 ms.
Unloading 1115 Unused Serialized files (Serialized files now loaded: 0)
System memory in use before: 57.4 MB.
System memory in use after: 57.5 MB.

Unloading 5 unused Assets to reduce memory usage. Loaded Objects now: 1631.
Total: 1.506500 ms (FindLiveObjects: 0.130300 ms CreateObjectMapping: 0.029700 ms MarkObjects: 1.306800 ms  DeleteObjects: 0.038700 ms)

========================================================================
Received Prepare
Registering precompiled user dll's ...
Registered in 0.000354 seconds.
Begin MonoManager ReloadAssembly
Native extension for WindowsStandalone target not found
Refreshing native plugins compatible for Editor in 0.18 ms, found 0 plugins.
Preloading 0 native plugins for Editor in 0.00 ms.
Invoked RoslynAnalysisRunner static constructor.
RoslynAnalysisRunner will not be running.
RoslynAnalysisRunner has terminated.
Mono: successfully reloaded assembly
- Completed reload, in  0.604 seconds
Platform modules already initialized, skipping
Refreshing native plugins compatible for Editor in 0.13 ms, found 0 plugins.
Preloading 0 native plugins for Editor in 0.00 ms.
Unloading 1115 Unused Serialized files (Serialized files now loaded: 0)
System memory in use before: 57.4 MB.
System memory in use after: 57.5 MB.

Unloading 5 unused Assets to reduce memory usage. Loaded Objects now: 1634.
Total: 1.536900 ms (FindLiveObjects: 0.136800 ms CreateObjectMapping: 0.023300 ms MarkObjects: 1.331800 ms  DeleteObjects: 0.043900 ms)

========================================================================
Received Prepare
Registering precompiled user dll's ...
Registered in 0.000409 seconds.
Begin MonoManager ReloadAssembly
Native extension for WindowsStandalone target not found
Refreshing native plugins compatible for Editor in 0.18 ms, found 0 plugins.
Preloading 0 native plugins for Editor in 0.00 ms.
Invoked RoslynAnalysisRunner static constructor.
RoslynAnalysisRunner will not be running.
RoslynAnalysisRunner has terminated.
Mono: successfully reloaded assembly
- Completed reload, in  0.640 seconds
Platform modules already initialized, skipping
Refreshing native plugins compatible for Editor in 0.18 ms, found 0 plugins.
Preloading 0 native plugins for Editor in 0.00 ms.
Unloading 1115 Unused Serialized files (Serialized files now loaded: 0)
System memory in use before: 57.4 MB.
System memory in use after: 57.5 MB.

Unloading 5 unused Assets to reduce memory usage. Loaded Objects now: 1637.
Total: 1.370800 ms (FindLiveObjects: 0.144100 ms CreateObjectMapping: 0.026100 ms MarkObjects: 1.163300 ms  DeleteObjects: 0.036400 ms)

========================================================================
Received Prepare
Registering precompiled user dll's ...
Registered in 0.000382 seconds.
Begin MonoManager ReloadAssembly
Native extension for WindowsStandalone target not found
Refreshing native plugins compatible for Editor in 0.18 ms, found 0 plugins.
Preloading 0 native plugins for Editor in 0.00 ms.
Invoked RoslynAnalysisRunner static constructor.
RoslynAnalysisRunner will not be running.
RoslynAnalysisRunner has terminated.
Mono: successfully reloaded assembly
- Completed reload, in  0.615 seconds
Platform modules already initialized, skipping
Refreshing native plugins compatible for Editor in 0.19 ms, found 0 plugins.
Preloading 0 native plugins for Editor in 0.00 ms.
Unloading 1115 Unused Serialized files (Serialized files now loaded: 0)
System memory in use before: 57.4 MB.
System memory in use after: 57.5 MB.

Unloading 5 unused Assets to reduce memory usage. Loaded Objects now: 1640.
Total: 1.396400 ms (FindLiveObjects: 0.126900 ms CreateObjectMapping: 0.025700 ms MarkObjects: 1.200300 ms  DeleteObjects: 0.042600 ms)

========================================================================
Received Prepare
Registering precompiled user dll's ...
Registered in 0.000418 seconds.
Begin MonoManager ReloadAssembly
Native extension for WindowsStandalone target not found
Refreshing native plugins compatible for Editor in 0.19 ms, found 0 plugins.
Preloading 0 native plugins for Editor in 0.00 ms.
Invoked RoslynAnalysisRunner static constructor.
RoslynAnalysisRunner will not be running.
RoslynAnalysisRunner has terminated.
Mono: successfully reloaded assembly
- Completed reload, in  0.637 seconds
Platform modules already initialized, skipping
Refreshing native plugins compatible for Editor in 0.19 ms, found 0 plugins.
Preloading 0 native plugins for Editor in 0.00 ms.
Unloading 1115 Unused Serialized files (Serialized files now loaded: 0)
System memory in use before: 57.4 MB.
System memory in use after: 57.5 MB.

Unloading 5 unused Assets to reduce memory usage. Loaded Objects now: 1643.
Total: 1.499500 ms (FindLiveObjects: 0.165100 ms CreateObjectMapping: 0.029900 ms MarkObjects: 1.263000 ms  DeleteObjects: 0.040300 ms)

========================================================================
Received Prepare
Registering precompiled user dll's ...
Registered in 0.000514 seconds.
Begin MonoManager ReloadAssembly
Native extension for WindowsStandalone target not found
Refreshing native plugins compatible for Editor in 0.21 ms, found 0 plugins.
Preloading 0 native plugins for Editor in 0.00 ms.
Invoked RoslynAnalysisRunner static constructor.
RoslynAnalysisRunner will not be running.
RoslynAnalysisRunner has terminated.
Mono: successfully reloaded assembly
- Completed reload, in  0.643 seconds
Platform modules already initialized, skipping
Refreshing native plugins compatible for Editor in 0.17 ms, found 0 plugins.
Preloading 0 native plugins for Editor in 0.00 ms.
Unloading 1115 Unused Serialized files (Serialized files now loaded: 0)
System memory in use before: 57.4 MB.
System memory in use after: 57.5 MB.

Unloading 5 unused Assets to reduce memory usage. Loaded Objects now: 1646.
Total: 1.452000 ms (FindLiveObjects: 0.146100 ms CreateObjectMapping: 0.030000 ms MarkObjects: 1.236300 ms  DeleteObjects: 0.038100 ms)

========================================================================
Received Prepare
Registering precompiled user dll's ...
Registered in 0.000381 seconds.
Begin MonoManager ReloadAssembly
Native extension for WindowsStandalone target not found
Refreshing native plugins compatible for Editor in 0.18 ms, found 0 plugins.
Preloading 0 native plugins for Editor in 0.00 ms.
Invoked RoslynAnalysisRunner static constructor.
RoslynAnalysisRunner will not be running.
RoslynAnalysisRunner has terminated.
Mono: successfully reloaded assembly
- Completed reload, in  0.613 seconds
Platform modules already initialized, skipping
Refreshing native plugins compatible for Editor in 0.15 ms, found 0 plugins.
Preloading 0 native plugins for Editor in 0.00 ms.
Unloading 1115 Unused Serialized files (Serialized files now loaded: 0)
System memory in use before: 57.4 MB.
System memory in use after: 57.5 MB.

Unloading 5 unused Assets to reduce memory usage. Loaded Objects now: 1649.
Total: 1.670800 ms (FindLiveObjects: 0.147400 ms CreateObjectMapping: 0.025700 ms MarkObjects: 1.451100 ms  DeleteObjects: 0.045700 ms)

========================================================================
Received Prepare
Registering precompiled user dll's ...
Registered in 0.000410 seconds.
Begin MonoManager ReloadAssembly
Native extension for WindowsStandalone target not found
Refreshing native plugins compatible for Editor in 0.19 ms, found 0 plugins.
Preloading 0 native plugins for Editor in 0.00 ms.
Invoked RoslynAnalysisRunner static constructor.
RoslynAnalysisRunner will not be running.
RoslynAnalysisRunner has terminated.
Mono: successfully reloaded assembly
- Completed reload, in  0.647 seconds
Platform modules already initialized, skipping
Refreshing native plugins compatible for Editor in 0.17 ms, found 0 plugins.
Preloading 0 native plugins for Editor in 0.00 ms.
Unloading 1115 Unused Serialized files (Serialized files now loaded: 0)
System memory in use before: 57.4 MB.
System memory in use after: 57.5 MB.

Unloading 5 unused Assets to reduce memory usage. Loaded Objects now: 1652.
Total: 1.475800 ms (FindLiveObjects: 0.120900 ms CreateObjectMapping: 0.024900 ms MarkObjects: 1.276200 ms  DeleteObjects: 0.052800 ms)

========================================================================
Received Prepare
Registering precompiled user dll's ...
Registered in 0.000636 seconds.
Begin MonoManager ReloadAssembly
Native extension for WindowsStandalone target not found
Refreshing native plugins compatible for Editor in 0.20 ms, found 0 plugins.
Preloading 0 native plugins for Editor in 0.00 ms.
Invoked RoslynAnalysisRunner static constructor.
RoslynAnalysisRunner will not be running.
RoslynAnalysisRunner has terminated.
Mono: successfully reloaded assembly
- Completed reload, in  0.628 seconds
Platform modules already initialized, skipping
Refreshing native plugins compatible for Editor in 0.32 ms, found 0 plugins.
Preloading 0 native plugins for Editor in 0.00 ms.
Unloading 1115 Unused Serialized files (Serialized files now loaded: 0)
System memory in use before: 57.5 MB.
System memory in use after: 57.5 MB.

Unloading 5 unused Assets to reduce memory usage. Loaded Objects now: 1655.
Total: 1.482500 ms (FindLiveObjects: 0.182100 ms CreateObjectMapping: 0.029800 ms MarkObjects: 1.226600 ms  DeleteObjects: 0.042900 ms)

========================================================================
Received Prepare
Registering precompiled user dll's ...
Registered in 0.000382 seconds.
Begin MonoManager ReloadAssembly
Native extension for WindowsStandalone target not found
Refreshing native plugins compatible for Editor in 0.20 ms, found 0 plugins.
Preloading 0 native plugins for Editor in 0.00 ms.
Invoked RoslynAnalysisRunner static constructor.
RoslynAnalysisRunner will not be running.
RoslynAnalysisRunner has terminated.
Mono: successfully reloaded assembly
- Completed reload, in  0.615 seconds
Platform modules already initialized, skipping
Refreshing native plugins compatible for Editor in 0.19 ms, found 0 plugins.
Preloading 0 native plugins for Editor in 0.00 ms.
Unloading 1115 Unused Serialized files (Serialized files now loaded: 0)
System memory in use before: 57.5 MB.
System memory in use after: 57.5 MB.

Unloading 5 unused Assets to reduce memory usage. Loaded Objects now: 1658.
Total: 1.739300 ms (FindLiveObjects: 0.213300 ms CreateObjectMapping: 0.027900 ms MarkObjects: 1.448300 ms  DeleteObjects: 0.047300 ms)

========================================================================
Received Prepare
Registering precompiled user dll's ...
Registered in 0.000404 seconds.
Begin MonoManager ReloadAssembly
Native extension for WindowsStandalone target not found
Refreshing native plugins compatible for Editor in 0.19 ms, found 0 plugins.
Preloading 0 native plugins for Editor in 0.00 ms.
Invoked RoslynAnalysisRunner static constructor.
RoslynAnalysisRunner will not be running.
RoslynAnalysisRunner has terminated.
Mono: successfully reloaded assembly
- Completed reload, in  0.658 seconds
Platform modules already initialized, skipping
Refreshing native plugins compatible for Editor in 0.25 ms, found 0 plugins.
Preloading 0 native plugins for Editor in 0.00 ms.
Unloading 1115 Unused Serialized files (Serialized files now loaded: 0)
System memory in use before: 57.5 MB.
System memory in use after: 57.5 MB.

Unloading 5 unused Assets to reduce memory usage. Loaded Objects now: 1661.
Total: 1.679400 ms (FindLiveObjects: 0.229500 ms CreateObjectMapping: 0.036800 ms MarkObjects: 1.364200 ms  DeleteObjects: 0.048000 ms)

========================================================================
Received Prepare
Registering precompiled user dll's ...
Registered in 0.000443 seconds.
Begin MonoManager ReloadAssembly
Native extension for WindowsStandalone target not found
Refreshing native plugins compatible for Editor in 0.19 ms, found 0 plugins.
Preloading 0 native plugins for Editor in 0.00 ms.
Invoked RoslynAnalysisRunner static constructor.
RoslynAnalysisRunner will not be running.
RoslynAnalysisRunner has terminated.
Mono: successfully reloaded assembly
- Completed reload, in  0.593 seconds
Platform modules already initialized, skipping
Refreshing native plugins compatible for Editor in 0.16 ms, found 0 plugins.
Preloading 0 native plugins for Editor in 0.00 ms.
Unloading 1115 Unused Serialized files (Serialized files now loaded: 0)
System memory in use before: 57.5 MB.
System memory in use after: 57.5 MB.

Unloading 5 unused Assets to reduce memory usage. Loaded Objects now: 1664.
Total: 1.356400 ms (FindLiveObjects: 0.136800 ms CreateObjectMapping: 0.026300 ms MarkObjects: 1.148500 ms  DeleteObjects: 0.043700 ms)

========================================================================
Received Prepare
Registering precompiled user dll's ...
Registered in 0.000365 seconds.
Begin MonoManager ReloadAssembly
Native extension for WindowsStandalone target not found
Refreshing native plugins compatible for Editor in 0.19 ms, found 0 plugins.
Preloading 0 native plugins for Editor in 0.00 ms.
Invoked RoslynAnalysisRunner static constructor.
RoslynAnalysisRunner will not be running.
RoslynAnalysisRunner has terminated.
Mono: successfully reloaded assembly
- Completed reload, in  0.638 seconds
Platform modules already initialized, skipping
Refreshing native plugins compatible for Editor in 0.17 ms, found 0 plugins.
Preloading 0 native plugins for Editor in 0.00 ms.
Unloading 1115 Unused Serialized files (Serialized files now loaded: 0)
System memory in use before: 57.5 MB.
System memory in use after: 57.5 MB.

Unloading 5 unused Assets to reduce memory usage. Loaded Objects now: 1667.
Total: 1.664100 ms (FindLiveObjects: 0.217200 ms CreateObjectMapping: 0.036200 ms MarkObjects: 1.365000 ms  DeleteObjects: 0.044800 ms)

========================================================================
Received Prepare
Registering precompiled user dll's ...
Registered in 0.000364 seconds.
Begin MonoManager ReloadAssembly
Native extension for WindowsStandalone target not found
Refreshing native plugins compatible for Editor in 0.19 ms, found 0 plugins.
Preloading 0 native plugins for Editor in 0.00 ms.
Invoked RoslynAnalysisRunner static constructor.
RoslynAnalysisRunner will not be running.
RoslynAnalysisRunner has terminated.
Mono: successfully reloaded assembly
- Completed reload, in  0.629 seconds
Platform modules already initialized, skipping
Refreshing native plugins compatible for Editor in 0.16 ms, found 0 plugins.
Preloading 0 native plugins for Editor in 0.00 ms.
Unloading 1115 Unused Serialized files (Serialized files now loaded: 0)
System memory in use before: 57.5 MB.
System memory in use after: 57.6 MB.

Unloading 5 unused Assets to reduce memory usage. Loaded Objects now: 1670.
Total: 1.411900 ms (FindLiveObjects: 0.151200 ms CreateObjectMapping: 0.031000 ms MarkObjects: 1.180000 ms  DeleteObjects: 0.048800 ms)

========================================================================
Received Prepare
Registering precompiled user dll's ...
Registered in 0.000324 seconds.
Begin MonoManager ReloadAssembly
Native extension for WindowsStandalone target not found
Refreshing native plugins compatible for Editor in 0.19 ms, found 0 plugins.
Preloading 0 native plugins for Editor in 0.00 ms.
Invoked RoslynAnalysisRunner static constructor.
RoslynAnalysisRunner will not be running.
RoslynAnalysisRunner has terminated.
Mono: successfully reloaded assembly
- Completed reload, in  0.596 seconds
Platform modules already initialized, skipping
Refreshing native plugins compatible for Editor in 0.14 ms, found 0 plugins.
Preloading 0 native plugins for Editor in 0.00 ms.
Unloading 1115 Unused Serialized files (Serialized files now loaded: 0)
System memory in use before: 57.5 MB.
System memory in use after: 57.6 MB.

Unloading 5 unused Assets to reduce memory usage. Loaded Objects now: 1673.
Total: 1.404100 ms (FindLiveObjects: 0.162800 ms CreateObjectMapping: 0.029800 ms MarkObjects: 1.177700 ms  DeleteObjects: 0.032900 ms)

========================================================================
Received Prepare
Registering precompiled user dll's ...
Registered in 0.000332 seconds.
Begin MonoManager ReloadAssembly
Native extension for WindowsStandalone target not found
Refreshing native plugins compatible for Editor in 0.18 ms, found 0 plugins.
Preloading 0 native plugins for Editor in 0.00 ms.
Invoked RoslynAnalysisRunner static constructor.
RoslynAnalysisRunner will not be running.
RoslynAnalysisRunner has terminated.
Mono: successfully reloaded assembly
- Completed reload, in  0.608 seconds
Platform modules already initialized, skipping
Refreshing native plugins compatible for Editor in 0.18 ms, found 0 plugins.
Preloading 0 native plugins for Editor in 0.00 ms.
Unloading 1115 Unused Serialized files (Serialized files now loaded: 0)
System memory in use before: 57.5 MB.
System memory in use after: 57.6 MB.

Unloading 5 unused Assets to reduce memory usage. Loaded Objects now: 1676.
Total: 1.621700 ms (FindLiveObjects: 0.149600 ms CreateObjectMapping: 0.028500 ms MarkObjects: 1.400800 ms  DeleteObjects: 0.041500 ms)

========================================================================
Received Prepare
Registering precompiled user dll's ...
Registered in 0.000369 seconds.
Begin MonoManager ReloadAssembly
Native extension for WindowsStandalone target not found
Refreshing native plugins compatible for Editor in 0.19 ms, found 0 plugins.
Preloading 0 native plugins for Editor in 0.00 ms.
Invoked RoslynAnalysisRunner static constructor.
RoslynAnalysisRunner will not be running.
RoslynAnalysisRunner has terminated.
Mono: successfully reloaded assembly
- Completed reload, in  0.603 seconds
Platform modules already initialized, skipping
Refreshing native plugins compatible for Editor in 0.15 ms, found 0 plugins.
Preloading 0 native plugins for Editor in 0.00 ms.
Unloading 1115 Unused Serialized files (Serialized files now loaded: 0)
System memory in use before: 57.5 MB.
System memory in use after: 57.6 MB.

Unloading 5 unused Assets to reduce memory usage. Loaded Objects now: 1679.
Total: 1.613900 ms (FindLiveObjects: 0.159500 ms CreateObjectMapping: 0.029500 ms MarkObjects: 1.382800 ms  DeleteObjects: 0.041100 ms)

========================================================================
Received Prepare
Registering precompiled user dll's ...
Registered in 0.000461 seconds.
Begin MonoManager ReloadAssembly
Native extension for WindowsStandalone target not found
Refreshing native plugins compatible for Editor in 0.19 ms, found 0 plugins.
Preloading 0 native plugins for Editor in 0.00 ms.
Invoked RoslynAnalysisRunner static constructor.
RoslynAnalysisRunner will not be running.
RoslynAnalysisRunner has terminated.
Mono: successfully reloaded assembly
- Completed reload, in  0.613 seconds
Platform modules already initialized, skipping
Refreshing native plugins compatible for Editor in 0.17 ms, found 0 plugins.
Preloading 0 native plugins for Editor in 0.00 ms.
Unloading 1115 Unused Serialized files (Serialized files now loaded: 0)
System memory in use before: 57.5 MB.
System memory in use after: 57.6 MB.

Unloading 5 unused Assets to reduce memory usage. Loaded Objects now: 1682.
Total: 1.658900 ms (FindLiveObjects: 0.141700 ms CreateObjectMapping: 0.025500 ms MarkObjects: 1.442600 ms  DeleteObjects: 0.048100 ms)

========================================================================
Received Prepare
Registering precompiled user dll's ...
Registered in 0.000370 seconds.
Begin MonoManager ReloadAssembly
Native extension for WindowsStandalone target not found
Refreshing native plugins compatible for Editor in 0.19 ms, found 0 plugins.
Preloading 0 native plugins for Editor in 0.00 ms.
Invoked RoslynAnalysisRunner static constructor.
RoslynAnalysisRunner will not be running.
RoslynAnalysisRunner has terminated.
Mono: successfully reloaded assembly
- Completed reload, in  0.592 seconds
Platform modules already initialized, skipping
Refreshing native plugins compatible for Editor in 0.13 ms, found 0 plugins.
Preloading 0 native plugins for Editor in 0.00 ms.
Unloading 1115 Unused Serialized files (Serialized files now loaded: 0)
System memory in use before: 57.5 MB.
System memory in use after: 57.6 MB.

Unloading 5 unused Assets to reduce memory usage. Loaded Objects now: 1685.
Total: 1.446400 ms (FindLiveObjects: 0.145700 ms CreateObjectMapping: 0.029100 ms MarkObjects: 1.240900 ms  DeleteObjects: 0.029900 ms)

========================================================================
Received Prepare
Registering precompiled user dll's ...
Registered in 0.000508 seconds.
Begin MonoManager ReloadAssembly
Native extension for WindowsStandalone target not found
Refreshing native plugins compatible for Editor in 0.21 ms, found 0 plugins.
Preloading 0 native plugins for Editor in 0.00 ms.
Invoked RoslynAnalysisRunner static constructor.
RoslynAnalysisRunner will not be running.
RoslynAnalysisRunner has terminated.
Mono: successfully reloaded assembly
- Completed reload, in  0.693 seconds
Platform modules already initialized, skipping
Refreshing native plugins compatible for Editor in 0.22 ms, found 0 plugins.
Preloading 0 native plugins for Editor in 0.00 ms.
Unloading 1115 Unused Serialized files (Serialized files now loaded: 0)
System memory in use before: 57.5 MB.
System memory in use after: 57.6 MB.

Unloading 5 unused Assets to reduce memory usage. Loaded Objects now: 1688.
Total: 2.044000 ms (FindLiveObjects: 0.269200 ms CreateObjectMapping: 0.047600 ms MarkObjects: 1.640800 ms  DeleteObjects: 0.084700 ms)

========================================================================
Received Prepare
Registering precompiled user dll's ...
Registered in 0.000436 seconds.
Begin MonoManager ReloadAssembly
Native extension for WindowsStandalone target not found
Refreshing native plugins compatible for Editor in 0.19 ms, found 0 plugins.
Preloading 0 native plugins for Editor in 0.00 ms.
Invoked RoslynAnalysisRunner static constructor.
RoslynAnalysisRunner will not be running.
RoslynAnalysisRunner has terminated.
Mono: successfully reloaded assembly
- Completed reload, in  0.594 seconds
Platform modules already initialized, skipping
Refreshing native plugins compatible for Editor in 0.14 ms, found 0 plugins.
Preloading 0 native plugins for Editor in 0.00 ms.
Unloading 1115 Unused Serialized files (Serialized files now loaded: 0)
System memory in use before: 57.5 MB.
System memory in use after: 57.6 MB.

Unloading 5 unused Assets to reduce memory usage. Loaded Objects now: 1691.
Total: 1.488300 ms (FindLiveObjects: 0.194000 ms CreateObjectMapping: 0.033500 ms MarkObjects: 1.221200 ms  DeleteObjects: 0.038400 ms)

========================================================================
Received Prepare
Registering precompiled user dll's ...
Registered in 0.000377 seconds.
Begin MonoManager ReloadAssembly
Native extension for WindowsStandalone target not found
Refreshing native plugins compatible for Editor in 0.18 ms, found 0 plugins.
Preloading 0 native plugins for Editor in 0.00 ms.
Invoked RoslynAnalysisRunner static constructor.
RoslynAnalysisRunner will not be running.
RoslynAnalysisRunner has terminated.
Mono: successfully reloaded assembly
- Completed reload, in  0.604 seconds
Platform modules already initialized, skipping
Refreshing native plugins compatible for Editor in 0.14 ms, found 0 plugins.
Preloading 0 native plugins for Editor in 0.00 ms.
Unloading 1115 Unused Serialized files (Serialized files now loaded: 0)
System memory in use before: 57.5 MB.
System memory in use after: 57.6 MB.

Unloading 5 unused Assets to reduce memory usage. Loaded Objects now: 1694.
Total: 1.374700 ms (FindLiveObjects: 0.137300 ms CreateObjectMapping: 0.024500 ms MarkObjects: 1.176100 ms  DeleteObjects: 0.035600 ms)

========================================================================
Received Prepare
Registering precompiled user dll's ...
Registered in 0.000366 seconds.
Begin MonoManager ReloadAssembly
Native extension for WindowsStandalone target not found
Refreshing native plugins compatible for Editor in 0.20 ms, found 0 plugins.
Preloading 0 native plugins for Editor in 0.00 ms.
Invoked RoslynAnalysisRunner static constructor.
RoslynAnalysisRunner will not be running.
RoslynAnalysisRunner has terminated.
Mono: successfully reloaded assembly
- Completed reload, in  0.616 seconds
Platform modules already initialized, skipping
Refreshing native plugins compatible for Editor in 0.18 ms, found 0 plugins.
Preloading 0 native plugins for Editor in 0.00 ms.
Unloading 1115 Unused Serialized files (Serialized files now loaded: 0)
System memory in use before: 57.5 MB.
System memory in use after: 57.6 MB.

Unloading 5 unused Assets to reduce memory usage. Loaded Objects now: 1697.
Total: 1.681500 ms (FindLiveObjects: 0.183200 ms CreateObjectMapping: 0.024800 ms MarkObjects: 1.425500 ms  DeleteObjects: 0.046700 ms)

